
Showing logs for build [32mcb-kubecd-environment-pr-226-1-v4s65-1[0m stage [32mfrom-build-pack[0m and container [32mstep-credential-initializer-vbndf[0m
{"level":"info","ts":1589943887.9543347,"logger":"fallback-logger","caller":"logging/config.go:69","msg":"Fetch GitHub commit ID from kodata failed: open /var/run/ko/refs/heads/0.8.0-ns-support: no such file or directory"}
{"level":"info","ts":1589943887.9550095,"logger":"fallback-logger","caller":"creds-init/main.go:40","msg":"Credentials initialized."}

Showing logs for build [32mcb-kubecd-environment-pr-226-1-v4s65-1[0m stage [32mfrom-build-pack[0m and container [32mstep-working-dir-initializer-46xv7[0m
{"level":"info","ts":1589943889.3202598,"logger":"fallback-logger","caller":"logging/config.go:69","msg":"Fetch GitHub commit ID from kodata failed: open /var/run/ko/HEAD: no such file or directory"}
{"level":"info","ts":1589943889.321721,"logger":"fallback-logger","caller":"bash/main.go:64","msg":"Successfully executed command \"sh -c mkdir -p /workspace/source\"; output "}

Showing logs for build [32mcb-kubecd-environment-pr-226-1-v4s65-1[0m stage [32mfrom-build-pack[0m and container [32mstep-place-tools[0m

Showing logs for build [32mcb-kubecd-environment-pr-226-1-v4s65-1[0m stage [32mfrom-build-pack[0m and container [32mstep-git-source-cb-kubecd-environment-pr-226-1-v4s65-qgj9g[0m
{"level":"info","ts":1589943894.3733647,"logger":"fallback-logger","caller":"logging/config.go:69","msg":"Fetch GitHub commit ID from kodata failed: open /var/run/ko/refs/heads/0.8.0-ns-support: no such file or directory"}
{"level":"info","ts":1589943895.0962622,"logger":"fallback-logger","caller":"git/git.go:103","msg":"Successfully cloned https://github.com/cb-kubecd/environment-pr-226-1-boot-gke-staging.git @ master in path /workspace/source"}

Showing logs for build [32mcb-kubecd-environment-pr-226-1-v4s65-1[0m stage [32mfrom-build-pack[0m and container [32mstep-git-merge[0m
Using SHAs from PULL_REFS=master:4d122d9c670d2fe666e351d8f0e7adf6efae7932,3:e7589d83765560a41e8b5299c7db199582f0e142
DEBUG: LC_ALL=C JX_LOG_LEVEL=error git fetch origin --unshallow e7589d83765560a41e8b5299c7db199582f0e142: 4d122d9c670d2fe666e351d8f0e7adf6efae7932:
DEBUG: ran git fetch --unshallow origin e7589d83765560a41e8b5299c7db199582f0e142: 4d122d9c670d2fe666e351d8f0e7adf6efae7932: in 
DEBUG: JX_LOG_LEVEL=error LC_ALL=C git branch
DEBUG: LC_ALL=C JX_LOG_LEVEL=error git checkout master
DEBUG: ran git checkout master in 
DEBUG: LC_ALL=C JX_LOG_LEVEL=error git reset --hard 4d122d9c670d2fe666e351d8f0e7adf6efae7932
DEBUG: ran git reset --hard 4d122d9c670d2fe666e351d8f0e7adf6efae7932 in 
DEBUG: LC_ALL=C JX_LOG_LEVEL=error git clean -fd .
DEBUG: ran clean --force -d . in 
DEBUG: LC_ALL=C JX_LOG_LEVEL=error git merge e7589d83765560a41e8b5299c7db199582f0e142
DEBUG: ran git merge e7589d83765560a41e8b5299c7db199582f0e142 in 
DEBUG: LC_ALL=C JX_LOG_LEVEL=error git log --format=%H%x1f%an%x1f%ae%x1f%cn%x1f%ce%x1f%s%n%b%x1e 4d122d9c670d2fe666e351d8f0e7adf6efae7932..HEAD
Merged SHA e7589d83765560a41e8b5299c7db199582f0e142 with commit message 'chore: Promote bdd-nh-1589942706 to version 0.0.1' into base branch master

Showing logs for build [32mcb-kubecd-environment-pr-226-1-v4s65-1[0m stage [32mfrom-build-pack[0m and container [32mstep-build-helm-build[0m
WARNING: No $CHART_REPOSITORY defined so using the default value of: http://jenkins-x-chartmuseum:8080
Adding missing Helm repo: storage.googleapis.com https://storage.googleapis.com/chartmuseum.jenkins-x.io
WARNING: No secrets found on "helm/repos" due: reading the secret "helm/repos" from vault: no secret "helm/repos" not found in vault
Read credentials for https://storage.googleapis.com/chartmuseum.jenkins-x.io from vault helm/repos
Successfully added Helm repository storage.googleapis.com.
Adding missing Helm repo: jenkins-x-chartmuseum http://jenkins-x-chartmuseum:8080
WARNING: No secrets found on "helm/repos" due: reading the secret "helm/repos" from vault: no secret "helm/repos" not found in vault
Read credentials for http://jenkins-x-chartmuseum:8080 from vault helm/repos
Successfully added Helm repository jenkins-x-chartmuseum.
WARNING: No $CHART_REPOSITORY defined so using the default value of: http://jenkins-x-chartmuseum:8080
Adding missing Helm repo: chartmuseum.jenkins-x.io http://chartmuseum.jenkins-x.io
WARNING: No secrets found on "helm/repos" due: reading the secret "helm/repos" from vault: no secret "helm/repos" not found in vault
Read credentials for http://chartmuseum.jenkins-x.io from vault helm/repos
Successfully added Helm repository chartmuseum.jenkins-x.io.
