
Showing logs for build [32mcb-kubecd-environment-pr-226-1-fw8m4-1[0m stage [32mfrom-build-pack[0m and container [32mstep-credential-initializer-9trmk[0m
{"level":"info","ts":1589946797.0787804,"logger":"fallback-logger","caller":"logging/config.go:69","msg":"Fetch GitHub commit ID from kodata failed: open /var/run/ko/refs/heads/0.8.0-ns-support: no such file or directory"}
{"level":"info","ts":1589946797.0795157,"logger":"fallback-logger","caller":"creds-init/main.go:40","msg":"Credentials initialized."}

Showing logs for build [32mcb-kubecd-environment-pr-226-1-fw8m4-1[0m stage [32mfrom-build-pack[0m and container [32mstep-working-dir-initializer-zw6wh[0m
{"level":"info","ts":1589946797.6093323,"logger":"fallback-logger","caller":"logging/config.go:69","msg":"Fetch GitHub commit ID from kodata failed: open /var/run/ko/HEAD: no such file or directory"}
{"level":"info","ts":1589946797.6111557,"logger":"fallback-logger","caller":"bash/main.go:64","msg":"Successfully executed command \"sh -c mkdir -p /workspace/source\"; output "}

Showing logs for build [32mcb-kubecd-environment-pr-226-1-fw8m4-1[0m stage [32mfrom-build-pack[0m and container [32mstep-place-tools[0m

Showing logs for build [32mcb-kubecd-environment-pr-226-1-fw8m4-1[0m stage [32mfrom-build-pack[0m and container [32mstep-git-source-cb-kubecd-environment-pr-226-1-fw8m4-k8hxm[0m
{"level":"info","ts":1589946802.8676705,"logger":"fallback-logger","caller":"logging/config.go:69","msg":"Fetch GitHub commit ID from kodata failed: open /var/run/ko/refs/heads/0.8.0-ns-support: no such file or directory"}
{"level":"info","ts":1589946803.5286279,"logger":"fallback-logger","caller":"git/git.go:103","msg":"Successfully cloned https://github.com/cb-kubecd/environment-pr-226-1-boot-gke-staging.git @ master in path /workspace/source"}

Showing logs for build [32mcb-kubecd-environment-pr-226-1-fw8m4-1[0m stage [32mfrom-build-pack[0m and container [32mstep-git-merge[0m
Using SHAs from PULL_REFS=master:627e1044ff68df4779193a8db40dff415cde94e4,8:3747a792e13a0e591b1f746389dd2edbe95e2de7
DEBUG: LC_ALL=C JX_LOG_LEVEL=error git fetch origin --unshallow 3747a792e13a0e591b1f746389dd2edbe95e2de7: 627e1044ff68df4779193a8db40dff415cde94e4:
DEBUG: ran git fetch --unshallow origin 3747a792e13a0e591b1f746389dd2edbe95e2de7: 627e1044ff68df4779193a8db40dff415cde94e4: in 
DEBUG: LC_ALL=C JX_LOG_LEVEL=error git branch
DEBUG: LC_ALL=C JX_LOG_LEVEL=error git checkout master
DEBUG: ran git checkout master in 
DEBUG: LC_ALL=C JX_LOG_LEVEL=error git reset --hard 627e1044ff68df4779193a8db40dff415cde94e4
DEBUG: ran git reset --hard 627e1044ff68df4779193a8db40dff415cde94e4 in 
DEBUG: LC_ALL=C JX_LOG_LEVEL=error git clean -fd .
DEBUG: ran clean --force -d . in 
DEBUG: LC_ALL=C JX_LOG_LEVEL=error git merge 3747a792e13a0e591b1f746389dd2edbe95e2de7
DEBUG: ran git merge 3747a792e13a0e591b1f746389dd2edbe95e2de7 in 
DEBUG: LC_ALL=C JX_LOG_LEVEL=error git log --format=%H%x1f%an%x1f%ae%x1f%cn%x1f%ce%x1f%s%n%b%x1e 627e1044ff68df4779193a8db40dff415cde94e4..HEAD
Merged SHA 3747a792e13a0e591b1f746389dd2edbe95e2de7 with commit message 'chore: Promote bdd-sbrp-import-1589944849 to version 0.0.1' into base branch master

Showing logs for build [32mcb-kubecd-environment-pr-226-1-fw8m4-1[0m stage [32mfrom-build-pack[0m and container [32mstep-build-helm-build[0m
WARNING: No $CHART_REPOSITORY defined so using the default value of: http://jenkins-x-chartmuseum:8080
Adding missing Helm repo: storage.googleapis.com https://storage.googleapis.com/chartmuseum.jenkins-x.io
WARNING: No secrets found on "helm/repos" due: reading the secret "helm/repos" from vault: no secret "helm/repos" not found in vault
Read credentials for https://storage.googleapis.com/chartmuseum.jenkins-x.io from vault helm/repos
Successfully added Helm repository storage.googleapis.com.
Adding missing Helm repo: jenkins-x-chartmuseum http://jenkins-x-chartmuseum:8080
WARNING: No secrets found on "helm/repos" due: reading the secret "helm/repos" from vault: no secret "helm/repos" not found in vault
Read credentials for http://jenkins-x-chartmuseum:8080 from vault helm/repos
Successfully added Helm repository jenkins-x-chartmuseum.
WARNING: No $CHART_REPOSITORY defined so using the default value of: http://jenkins-x-chartmuseum:8080
Adding missing Helm repo: chartmuseum.jenkins-x.io http://chartmuseum.jenkins-x.io
WARNING: No secrets found on "helm/repos" due: reading the secret "helm/repos" from vault: no secret "helm/repos" not found in vault
Read credentials for http://chartmuseum.jenkins-x.io from vault helm/repos
Successfully added Helm repository chartmuseum.jenkins-x.io.
