
Showing logs for build [32mcb-kubecd-environment-pr-226-1-75rwx-1[0m stage [32mfrom-build-pack[0m and container [32mstep-credential-initializer-kc29p[0m
{"level":"info","ts":1589946168.5827906,"logger":"fallback-logger","caller":"logging/config.go:69","msg":"Fetch GitHub commit ID from kodata failed: open /var/run/ko/refs/heads/0.8.0-ns-support: no such file or directory"}
{"level":"info","ts":1589946168.5854402,"logger":"fallback-logger","caller":"creds-init/main.go:40","msg":"Credentials initialized."}

Showing logs for build [32mcb-kubecd-environment-pr-226-1-75rwx-1[0m stage [32mfrom-build-pack[0m and container [32mstep-working-dir-initializer-jl65q[0m
{"level":"info","ts":1589946170.205461,"logger":"fallback-logger","caller":"logging/config.go:69","msg":"Fetch GitHub commit ID from kodata failed: open /var/run/ko/HEAD: no such file or directory"}
{"level":"info","ts":1589946170.2103024,"logger":"fallback-logger","caller":"bash/main.go:64","msg":"Successfully executed command \"sh -c mkdir -p /workspace/source\"; output "}

Showing logs for build [32mcb-kubecd-environment-pr-226-1-75rwx-1[0m stage [32mfrom-build-pack[0m and container [32mstep-place-tools[0m

Showing logs for build [32mcb-kubecd-environment-pr-226-1-75rwx-1[0m stage [32mfrom-build-pack[0m and container [32mstep-git-source-cb-kubecd-environment-pr-226-1-75rwx-s4d9m[0m
{"level":"info","ts":1589946176.4216824,"logger":"fallback-logger","caller":"logging/config.go:69","msg":"Fetch GitHub commit ID from kodata failed: open /var/run/ko/refs/heads/0.8.0-ns-support: no such file or directory"}
{"level":"info","ts":1589946177.2312005,"logger":"fallback-logger","caller":"git/git.go:103","msg":"Successfully cloned https://github.com/cb-kubecd/environment-pr-226-1-boot-gke-staging.git @ master in path /workspace/source"}

Showing logs for build [32mcb-kubecd-environment-pr-226-1-75rwx-1[0m stage [32mfrom-build-pack[0m and container [32mstep-git-merge[0m
Using SHAs from PULL_REFS=master:f016982f8ffd69ed843fb72044979fd704467c3c,7:f06a57dc91cb8018223a3cccb911c1a9ae39f6df
DEBUG: LC_ALL=C JX_LOG_LEVEL=error git fetch origin --unshallow f06a57dc91cb8018223a3cccb911c1a9ae39f6df: f016982f8ffd69ed843fb72044979fd704467c3c:
DEBUG: ran git fetch --unshallow origin f06a57dc91cb8018223a3cccb911c1a9ae39f6df: f016982f8ffd69ed843fb72044979fd704467c3c: in 
DEBUG: JX_LOG_LEVEL=error LC_ALL=C git branch
DEBUG: LC_ALL=C JX_LOG_LEVEL=error git checkout master
DEBUG: ran git checkout master in 
DEBUG: LC_ALL=C JX_LOG_LEVEL=error git reset --hard f016982f8ffd69ed843fb72044979fd704467c3c
DEBUG: ran git reset --hard f016982f8ffd69ed843fb72044979fd704467c3c in 
DEBUG: LC_ALL=C JX_LOG_LEVEL=error git clean -fd .
DEBUG: ran clean --force -d . in 
DEBUG: LC_ALL=C JX_LOG_LEVEL=error git merge f06a57dc91cb8018223a3cccb911c1a9ae39f6df
DEBUG: ran git merge f06a57dc91cb8018223a3cccb911c1a9ae39f6df in 
DEBUG: LC_ALL=C JX_LOG_LEVEL=error git log --format=%H%x1f%an%x1f%ae%x1f%cn%x1f%ce%x1f%s%n%b%x1e f016982f8ffd69ed843fb72044979fd704467c3c..HEAD
Merged SHA f06a57dc91cb8018223a3cccb911c1a9ae39f6df with commit message 'chore: Promote bdd-nh-import-1589944849 to version 0.0.1' into base branch master

Showing logs for build [32mcb-kubecd-environment-pr-226-1-75rwx-1[0m stage [32mfrom-build-pack[0m and container [32mstep-build-helm-build[0m
WARNING: No $CHART_REPOSITORY defined so using the default value of: http://jenkins-x-chartmuseum:8080
Adding missing Helm repo: storage.googleapis.com https://storage.googleapis.com/chartmuseum.jenkins-x.io
WARNING: No secrets found on "helm/repos" due: reading the secret "helm/repos" from vault: no secret "helm/repos" not found in vault
Read credentials for https://storage.googleapis.com/chartmuseum.jenkins-x.io from vault helm/repos
Successfully added Helm repository storage.googleapis.com.
Adding missing Helm repo: jenkins-x-chartmuseum http://jenkins-x-chartmuseum:8080
WARNING: No secrets found on "helm/repos" due: reading the secret "helm/repos" from vault: no secret "helm/repos" not found in vault
Read credentials for http://jenkins-x-chartmuseum:8080 from vault helm/repos
Successfully added Helm repository jenkins-x-chartmuseum.
WARNING: No $CHART_REPOSITORY defined so using the default value of: http://jenkins-x-chartmuseum:8080
Adding missing Helm repo: chartmuseum.jenkins-x.io http://chartmuseum.jenkins-x.io
WARNING: No secrets found on "helm/repos" due: reading the secret "helm/repos" from vault: no secret "helm/repos" not found in vault
Read credentials for http://chartmuseum.jenkins-x.io from vault helm/repos
Successfully added Helm repository chartmuseum.jenkins-x.io.
