
Showing logs for build [32mcb-kubecd-environment-pr-226-1-mqx7q-1[0m stage [32mfrom-build-pack[0m and container [32mstep-credential-initializer-bhb98[0m
{"level":"info","ts":1589945800.6003456,"logger":"fallback-logger","caller":"logging/config.go:69","msg":"Fetch GitHub commit ID from kodata failed: open /var/run/ko/refs/heads/0.8.0-ns-support: no such file or directory"}
{"level":"info","ts":1589945800.61824,"logger":"fallback-logger","caller":"creds-init/main.go:40","msg":"Credentials initialized."}

Showing logs for build [32mcb-kubecd-environment-pr-226-1-mqx7q-1[0m stage [32mfrom-build-pack[0m and container [32mstep-working-dir-initializer-r57mk[0m
{"level":"info","ts":1589945802.3520262,"logger":"fallback-logger","caller":"logging/config.go:69","msg":"Fetch GitHub commit ID from kodata failed: open /var/run/ko/HEAD: no such file or directory"}
{"level":"info","ts":1589945802.3600261,"logger":"fallback-logger","caller":"bash/main.go:64","msg":"Successfully executed command \"sh -c mkdir -p /workspace/source\"; output "}

Showing logs for build [32mcb-kubecd-environment-pr-226-1-mqx7q-1[0m stage [32mfrom-build-pack[0m and container [32mstep-place-tools[0m

Showing logs for build [32mcb-kubecd-environment-pr-226-1-mqx7q-1[0m stage [32mfrom-build-pack[0m and container [32mstep-git-source-cb-kubecd-environment-pr-226-1-mqx7q-rlcqx[0m
{"level":"info","ts":1589945808.1687007,"logger":"fallback-logger","caller":"logging/config.go:69","msg":"Fetch GitHub commit ID from kodata failed: open /var/run/ko/refs/heads/0.8.0-ns-support: no such file or directory"}
{"level":"info","ts":1589945809.0929828,"logger":"fallback-logger","caller":"git/git.go:103","msg":"Successfully cloned https://github.com/cb-kubecd/environment-pr-226-1-boot-gke-staging.git @ master in path /workspace/source"}

Showing logs for build [32mcb-kubecd-environment-pr-226-1-mqx7q-1[0m stage [32mfrom-build-pack[0m and container [32mstep-git-merge[0m
Using SHAs from PULL_REFS=master:5823b2c750e34e079b8c8e4d27ed580933402789,6:5fc32b908ce5ce8b827e36f86dd67b43877971f1
DEBUG: LC_ALL=C JX_LOG_LEVEL=error git fetch origin --unshallow 5fc32b908ce5ce8b827e36f86dd67b43877971f1: 5823b2c750e34e079b8c8e4d27ed580933402789:
DEBUG: ran git fetch --unshallow origin 5fc32b908ce5ce8b827e36f86dd67b43877971f1: 5823b2c750e34e079b8c8e4d27ed580933402789: in 
DEBUG: JX_LOG_LEVEL=error LC_ALL=C git branch
DEBUG: JX_LOG_LEVEL=error LC_ALL=C git checkout master
DEBUG: ran git checkout master in 
DEBUG: LC_ALL=C JX_LOG_LEVEL=error git reset --hard 5823b2c750e34e079b8c8e4d27ed580933402789
DEBUG: ran git reset --hard 5823b2c750e34e079b8c8e4d27ed580933402789 in 
DEBUG: LC_ALL=C JX_LOG_LEVEL=error git clean -fd .
DEBUG: ran clean --force -d . in 
DEBUG: LC_ALL=C JX_LOG_LEVEL=error git merge 5fc32b908ce5ce8b827e36f86dd67b43877971f1
DEBUG: ran git merge 5fc32b908ce5ce8b827e36f86dd67b43877971f1 in 
DEBUG: LC_ALL=C JX_LOG_LEVEL=error git log --format=%H%x1f%an%x1f%ae%x1f%cn%x1f%ce%x1f%s%n%b%x1e 5823b2c750e34e079b8c8e4d27ed580933402789..HEAD
Merged SHA 5fc32b908ce5ce8b827e36f86dd67b43877971f1 with commit message 'chore: Promote bdd-sbhg-import-1589944849 to version 0.0.1' into base branch master

Showing logs for build [32mcb-kubecd-environment-pr-226-1-mqx7q-1[0m stage [32mfrom-build-pack[0m and container [32mstep-build-helm-build[0m
WARNING: No $CHART_REPOSITORY defined so using the default value of: http://jenkins-x-chartmuseum:8080
Adding missing Helm repo: storage.googleapis.com https://storage.googleapis.com/chartmuseum.jenkins-x.io
WARNING: No secrets found on "helm/repos" due: reading the secret "helm/repos" from vault: no secret "helm/repos" not found in vault
Read credentials for https://storage.googleapis.com/chartmuseum.jenkins-x.io from vault helm/repos
Successfully added Helm repository storage.googleapis.com.
Adding missing Helm repo: jenkins-x-chartmuseum http://jenkins-x-chartmuseum:8080
WARNING: No secrets found on "helm/repos" due: reading the secret "helm/repos" from vault: no secret "helm/repos" not found in vault
Read credentials for http://jenkins-x-chartmuseum:8080 from vault helm/repos
Successfully added Helm repository jenkins-x-chartmuseum.
WARNING: No $CHART_REPOSITORY defined so using the default value of: http://jenkins-x-chartmuseum:8080
Adding missing Helm repo: chartmuseum.jenkins-x.io http://chartmuseum.jenkins-x.io
WARNING: No secrets found on "helm/repos" due: reading the secret "helm/repos" from vault: no secret "helm/repos" not found in vault
Read credentials for http://chartmuseum.jenkins-x.io from vault helm/repos
Successfully added Helm repository chartmuseum.jenkins-x.io.
