
Showing logs for build [32mcb-kubecd-environment-pr-226-1-l4tqj-1[0m stage [32mfrom-build-pack[0m and container [32mstep-credential-initializer-vpbhf[0m
{"level":"info","ts":1589945147.6083133,"logger":"fallback-logger","caller":"logging/config.go:69","msg":"Fetch GitHub commit ID from kodata failed: open /var/run/ko/refs/heads/0.8.0-ns-support: no such file or directory"}
{"level":"info","ts":1589945147.6089764,"logger":"fallback-logger","caller":"creds-init/main.go:40","msg":"Credentials initialized."}

Showing logs for build [32mcb-kubecd-environment-pr-226-1-l4tqj-1[0m stage [32mfrom-build-pack[0m and container [32mstep-working-dir-initializer-2bgsh[0m
{"level":"info","ts":1589945148.9311268,"logger":"fallback-logger","caller":"logging/config.go:69","msg":"Fetch GitHub commit ID from kodata failed: open /var/run/ko/HEAD: no such file or directory"}
{"level":"info","ts":1589945148.9328907,"logger":"fallback-logger","caller":"bash/main.go:64","msg":"Successfully executed command \"sh -c mkdir -p /workspace/source\"; output "}

Showing logs for build [32mcb-kubecd-environment-pr-226-1-l4tqj-1[0m stage [32mfrom-build-pack[0m and container [32mstep-place-tools[0m

Showing logs for build [32mcb-kubecd-environment-pr-226-1-l4tqj-1[0m stage [32mfrom-build-pack[0m and container [32mstep-git-source-cb-kubecd-environment-pr-226-1-l4tqj-sq6vl[0m
{"level":"info","ts":1589945153.209,"logger":"fallback-logger","caller":"logging/config.go:69","msg":"Fetch GitHub commit ID from kodata failed: open /var/run/ko/refs/heads/0.8.0-ns-support: no such file or directory"}
{"level":"info","ts":1589945153.966476,"logger":"fallback-logger","caller":"git/git.go:103","msg":"Successfully cloned https://github.com/cb-kubecd/environment-pr-226-1-boot-gke-staging.git @ master in path /workspace/source"}

Showing logs for build [32mcb-kubecd-environment-pr-226-1-l4tqj-1[0m stage [32mfrom-build-pack[0m and container [32mstep-git-merge[0m
Using SHAs from PULL_REFS=master:016a487d54db91573889ee62c2d93ea7a1356f7e,5:e60f348584eba0c1ebb9281e5114549f5911a2ea
DEBUG: LC_ALL=C JX_LOG_LEVEL=error git fetch origin --unshallow e60f348584eba0c1ebb9281e5114549f5911a2ea: 016a487d54db91573889ee62c2d93ea7a1356f7e:
DEBUG: ran git fetch --unshallow origin e60f348584eba0c1ebb9281e5114549f5911a2ea: 016a487d54db91573889ee62c2d93ea7a1356f7e: in 
DEBUG: LC_ALL=C JX_LOG_LEVEL=error git branch
DEBUG: LC_ALL=C JX_LOG_LEVEL=error git checkout master
DEBUG: ran git checkout master in 
DEBUG: LC_ALL=C JX_LOG_LEVEL=error git reset --hard 016a487d54db91573889ee62c2d93ea7a1356f7e
DEBUG: ran git reset --hard 016a487d54db91573889ee62c2d93ea7a1356f7e in 
DEBUG: LC_ALL=C JX_LOG_LEVEL=error git clean -fd .
DEBUG: ran clean --force -d . in 
DEBUG: LC_ALL=C JX_LOG_LEVEL=error git merge e60f348584eba0c1ebb9281e5114549f5911a2ea
DEBUG: ran git merge e60f348584eba0c1ebb9281e5114549f5911a2ea in 
DEBUG: LC_ALL=C JX_LOG_LEVEL=error git log --format=%H%x1f%an%x1f%ae%x1f%cn%x1f%ce%x1f%s%n%b%x1e 016a487d54db91573889ee62c2d93ea7a1356f7e..HEAD
Merged SHA e60f348584eba0c1ebb9281e5114549f5911a2ea with commit message 'chore: Promote bdd-ghf**y-import-1589944849 to version 0.0.1' into base branch master

Showing logs for build [32mcb-kubecd-environment-pr-226-1-l4tqj-1[0m stage [32mfrom-build-pack[0m and container [32mstep-build-helm-build[0m
WARNING: No $CHART_REPOSITORY defined so using the default value of: http://jenkins-x-chartmuseum:8080
Adding missing Helm repo: storage.googleapis.com https://storage.googleapis.com/chartmuseum.jenkins-x.io
WARNING: No secrets found on "helm/repos" due: reading the secret "helm/repos" from vault: no secret "helm/repos" not found in vault
Read credentials for https://storage.googleapis.com/chartmuseum.jenkins-x.io from vault helm/repos
Successfully added Helm repository storage.googleapis.com.
Adding missing Helm repo: jenkins-x-chartmuseum http://jenkins-x-chartmuseum:8080
WARNING: No secrets found on "helm/repos" due: reading the secret "helm/repos" from vault: no secret "helm/repos" not found in vault
Read credentials for http://jenkins-x-chartmuseum:8080 from vault helm/repos
Successfully added Helm repository jenkins-x-chartmuseum.
WARNING: No $CHART_REPOSITORY defined so using the default value of: http://jenkins-x-chartmuseum:8080
Adding missing Helm repo: chartmuseum.jenkins-x.io http://chartmuseum.jenkins-x.io
WARNING: No secrets found on "helm/repos" due: reading the secret "helm/repos" from vault: no secret "helm/repos" not found in vault
Read credentials for http://chartmuseum.jenkins-x.io from vault helm/repos
Successfully added Helm repository chartmuseum.jenkins-x.io.
